<?xml version="1.0" encoding="utf-8"?><testsuites name="pytest tests"><testsuite name="pytest" errors="0" failures="0" skipped="0" tests="7" time="2.227" timestamp="2026-06-29T13:45:16.352930+00:00" hostname="agent-env-7c4fc99c-b962-4427-8b95-66523c08b154"><testcase classname="backend.tests.test_integrations.TestListMasking" name="test_list_returns_items" time="0.526" /><testcase classname="backend.tests.test_integrations.TestListMasking" name="test_no_plaintext_api_secret" time="0.147" /><testcase classname="backend.tests.test_integrations.TestPatchIntegration" name="test_admin_can_patch" time="0.238" /><testcase classname="backend.tests.test_integrations.TestPatchIntegration" name="test_analyst_forbidden" time="0.478" /><testcase classname="backend.tests.test_integrations.TestTestEndpoint" name="test_test_returns_400_without_config" time="0.244" /><testcase classname="backend.tests.test_integrations.TestTestEndpoint" name="test_test_returns_200_after_configure" time="0.416" /><testcase classname="backend.tests.test_integrations.TestTestEndpoint" name="test_test_analyst_forbidden" time="0.099" /></testsuite></testsuites>