<?xml version="1.0" encoding="utf-8"?><testsuites name="pytest tests"><testsuite name="pytest" errors="0" failures="0" skipped="1" tests="10" time="3.718" timestamp="2026-06-30T18:37:34.020224+00:00" hostname="agent-env-7c4fc99c-b962-4427-8b95-66523c08b154"><testcase classname="backend.tests.test_iter9" name="test_auth_me" time="0.457" /><testcase classname="backend.tests.test_iter9" name="test_teams_list_returns_formal_and_implicit" time="0.129" /><testcase classname="backend.tests.test_iter9" name="test_teams_full_crud" time="0.839" /><testcase classname="backend.tests.test_iter9" name="test_teams_members_propagation" time="0.563"><skipped type="pytest.skip" message="no other users to test member assignment">/app/backend/tests/test_iter9.py:96: no other users to test member assignment</skipped></testcase><testcase classname="backend.tests.test_iter9" name="test_findings_groups_by_cve" time="0.139" /><testcase classname="backend.tests.test_iter9" name="test_findings_groups_by_asset" time="0.127" /><testcase classname="backend.tests.test_iter9" name="test_bulk_owner_admin_can_set" time="0.567" /><testcase classname="backend.tests.test_iter9" name="test_findings_total_count" time="0.112" /><testcase classname="backend.tests.test_iter9" name="test_threat_intel_returns_actionable_cf_message" time="0.377" /><testcase classname="backend.tests.test_iter9" name="test_integration_config_patch" time="0.321" /></testsuite></testsuites>