<?xml version="1.0" encoding="utf-8"?><testsuites name="pytest tests"><testsuite name="pytest" errors="0" failures="0" skipped="1" tests="13" time="3.351" timestamp="2026-06-30T15:47:23.713351+00:00" hostname="agent-env-7c4fc99c-b962-4427-8b95-66523c08b154"><testcase classname="backend.tests.test_iter8.TestDashboards" name="test_analyst_overdue_positive" time="0.618" /><testcase classname="backend.tests.test_iter8.TestDashboards" name="test_operational_overdue_by_severity" time="0.305" /><testcase classname="backend.tests.test_iter8.TestDashboards" name="test_manager_no_500" time="0.137" /><testcase classname="backend.tests.test_iter8.TestDashboards" name="test_executive_no_500" time="0.122" /><testcase classname="backend.tests.test_iter8.TestDashboards" name="test_findings_list_no_500" time="0.161" /><testcase classname="backend.tests.test_iter8.TestDashboards" name="test_cwe_prevalence_no_500" time="0.158" /><testcase classname="backend.tests.test_iter8.TestFindingsFilter" name="test_findings_filter_by_cve" time="0.193"><skipped type="pytest.skip" message="No CVE in top findings to test drill-down">/app/backend/tests/test_iter8.py:82: No CVE in top findings to test drill-down</skipped></testcase><testcase classname="backend.tests.test_iter8.TestFindingsFilter" name="test_findings_filter_by_cwe" time="0.254" /><testcase classname="backend.tests.test_iter8.TestBulkOwner" name="test_bulk_owner_sets_team_and_confidence" time="0.431" /><testcase classname="backend.tests.test_iter8.TestOwnershipPreview" name="test_preview_returns_dry_run" time="0.237" /><testcase classname="backend.tests.test_iter8.TestWebScansUpload" name="test_endpoint_rejects_empty" time="0.112" /><testcase classname="backend.tests.test_iter8.TestWebScansUpload" name="test_endpoint_rejects_bad_file" time="0.223" /><testcase classname="backend.tests.test_iter8.TestTopFindingsShape" name="test_top_findings_have_title_and_optional_cves" time="0.204" /></testsuite></testsuites>