<?xml version="1.0" encoding="utf-8"?><testsuites name="pytest tests"><testsuite name="pytest" errors="0" failures="0" skipped="0" tests="17" time="5.719" timestamp="2026-06-29T18:41:33.113021+00:00" hostname="agent-env-7c4fc99c-b962-4427-8b95-66523c08b154"><testcase classname="backend.tests.test_iter3_admin_notif.TestDemoAccountsRemoved" name="test_demo_admin_login_fails" time="0.150" /><testcase classname="backend.tests.test_iter3_admin_notif.TestDemoAccountsRemoved" name="test_only_super_admin_seeded" time="0.442" /><testcase classname="backend.tests.test_iter3_admin_notif.TestUserCRUD" name="test_create_user" time="0.326" /><testcase classname="backend.tests.test_iter3_admin_notif.TestUserCRUD" name="test_duplicate_email_409" time="0.108" /><testcase classname="backend.tests.test_iter3_admin_notif.TestUserCRUD" name="test_invalid_role_400" time="0.116" /><testcase classname="backend.tests.test_iter3_admin_notif.TestUserCRUD" name="test_update_user_fields_and_password" time="0.780" /><testcase classname="backend.tests.test_iter3_admin_notif.TestUserCRUD" name="test_cannot_delete_self" time="0.233" /><testcase classname="backend.tests.test_iter3_admin_notif.TestUserCRUD" name="test_delete_user" time="0.221" /><testcase classname="backend.tests.test_iter3_admin_notif.TestNotifications" name="test_meta" time="0.136" /><testcase classname="backend.tests.test_iter3_admin_notif.TestNotifications" name="test_seeded_discord_channel_masked" time="0.108" /><testcase classname="backend.tests.test_iter3_admin_notif.TestNotifications" name="test_create_channel_validation" time="0.328" /><testcase classname="backend.tests.test_iter3_admin_notif.TestNotifications" name="test_create_email_channel_ok" time="0.230" /><testcase classname="backend.tests.test_iter3_admin_notif.TestNotifications" name="test_discord_test_send_live" time="0.608" /><testcase classname="backend.tests.test_iter3_admin_notif.TestNotifications" name="test_outbox_contains_test_message" time="0.120" /><testcase classname="backend.tests.test_iter3_admin_notif.TestNotifications" name="test_rule_create_invalid_trigger_400" time="0.119" /><testcase classname="backend.tests.test_iter3_admin_notif.TestNotifications" name="test_rule_crud" time="0.458" /><testcase classname="backend.tests.test_iter3_admin_notif.TestRBAC" name="test_non_admin_blocked" time="1.149" /></testsuite></testsuites>