<?xml version="1.0" encoding="utf-8"?><testsuites name="pytest tests"><testsuite name="pytest" errors="0" failures="0" skipped="0" tests="33" time="0.967" timestamp="2026-06-29T13:56:43.618415+00:00" hostname="agent-env-7c4fc99c-b962-4427-8b95-66523c08b154"><testcase classname="backend.tests.test_reports_iter2" name="test_catalog" time="0.241" /><testcase classname="backend.tests.test_reports_iter2" name="test_prebuilt_csv[open_by_severity]" time="0.013" /><testcase classname="backend.tests.test_reports_iter2" name="test_prebuilt_csv[sla_compliance_trend]" time="0.013" /><testcase classname="backend.tests.test_reports_iter2" name="test_prebuilt_csv[top_risk_assets]" time="0.005" /><testcase classname="backend.tests.test_reports_iter2" name="test_prebuilt_csv[aging_report]" time="0.005" /><testcase classname="backend.tests.test_reports_iter2" name="test_prebuilt_csv[throughput]" time="0.046" /><testcase classname="backend.tests.test_reports_iter2" name="test_prebuilt_csv[critical_by_bu]" time="0.005" /><testcase classname="backend.tests.test_reports_iter2" name="test_prebuilt_csv[kev_exposure]" time="0.006" /><testcase classname="backend.tests.test_reports_iter2" name="test_prebuilt_csv[open_exceptions]" time="0.004" /><testcase classname="backend.tests.test_reports_iter2" name="test_prebuilt_csv[reopened]" time="0.004" /><testcase classname="backend.tests.test_reports_iter2" name="test_prebuilt_csv[overdue_critical]" time="0.009" /><testcase classname="backend.tests.test_reports_iter2" name="test_prebuilt_pdf[open_by_severity]" time="0.160" /><testcase classname="backend.tests.test_reports_iter2" name="test_prebuilt_pdf[sla_compliance_trend]" time="0.014" /><testcase classname="backend.tests.test_reports_iter2" name="test_prebuilt_pdf[top_risk_assets]" time="0.012" /><testcase classname="backend.tests.test_reports_iter2" name="test_prebuilt_pdf[aging_report]" time="0.012" /><testcase classname="backend.tests.test_reports_iter2" name="test_prebuilt_pdf[throughput]" time="0.052" /><testcase classname="backend.tests.test_reports_iter2" name="test_prebuilt_pdf[critical_by_bu]" time="0.012" /><testcase classname="backend.tests.test_reports_iter2" name="test_prebuilt_pdf[kev_exposure]" time="0.022" /><testcase classname="backend.tests.test_reports_iter2" name="test_prebuilt_pdf[open_exceptions]" time="0.011" /><testcase classname="backend.tests.test_reports_iter2" name="test_prebuilt_pdf[reopened]" time="0.011" /><testcase classname="backend.tests.test_reports_iter2" name="test_prebuilt_pdf[overdue_critical]" time="0.022" /><testcase classname="backend.tests.test_reports_iter2" name="test_open_by_severity_columns" time="0.005" /><testcase classname="backend.tests.test_reports_iter2" name="test_top_risk_assets_columns" time="0.005" /><testcase classname="backend.tests.test_reports_iter2" name="test_throughput_30_rows" time="0.050" /><testcase classname="backend.tests.test_reports_iter2" name="test_invalid_report_404" time="0.003" /><testcase classname="backend.tests.test_reports_iter2" name="test_invalid_fmt_400" time="0.003" /><testcase classname="backend.tests.test_reports_iter2" name="test_custom_csv_basic" time="0.004" /><testcase classname="backend.tests.test_reports_iter2" name="test_custom_bad_group_by_400" time="0.003" /><testcase classname="backend.tests.test_reports_iter2" name="test_custom_pdf" time="0.018" /><testcase classname="backend.tests.test_reports_iter2" name="test_custom_kev_filter" time="0.005" /><testcase classname="backend.tests.test_reports_iter2" name="test_custom_date_filter_narrows" time="0.018" /><testcase classname="backend.tests.test_reports_iter2" name="test_legacy_csv_findings" time="0.012" /><testcase classname="backend.tests.test_reports_iter2" name="test_legacy_pdf_executive" time="0.020" /></testsuite></testsuites>