<?xml version="1.0" encoding="utf-8"?><testsuites name="pytest tests"><testsuite name="pytest" errors="0" failures="0" skipped="0" tests="13" time="2.703" timestamp="2026-06-30T05:33:48.203940+00:00" hostname="agent-env-7c4fc99c-b962-4427-8b95-66523c08b154"><testcase classname="backend.tests.test_iter3c.TestP0Fixes" name="test_nightly_rescore_run_returns_200" time="1.714" /><testcase classname="backend.tests.test_iter3c.TestP0Fixes" name="test_nightly_rescore_runs_list" time="0.046" /><testcase classname="backend.tests.test_iter3c.TestP0Fixes" name="test_cwe_prevalence" time="0.047" /><testcase classname="backend.tests.test_iter3c.TestTimeRange" name="test_analyst_7d" time="0.060" /><testcase classname="backend.tests.test_iter3c.TestTimeRange" name="test_analyst_30d_default" time="0.063" /><testcase classname="backend.tests.test_iter3c.TestTimeRange" name="test_new_findings_varies_by_window" time="0.116" /><testcase classname="backend.tests.test_iter3c.TestTimeRange" name="test_executive_custom_range" time="0.053" /><testcase classname="backend.tests.test_iter3c.TestTimeRange" name="test_manager_invalid_range_does_not_crash" time="0.046" /><testcase classname="backend.tests.test_iter3c.TestPreferences" name="test_get_default_prefs" time="0.048" /><testcase classname="backend.tests.test_iter3c.TestPreferences" name="test_put_prefs_persist" time="0.147" /><testcase classname="backend.tests.test_iter3c.TestFindingsGroups" name="test_group_by_cve_by_vulnerability" time="0.046" /><testcase classname="backend.tests.test_iter3c.TestFindingsGroups" name="test_group_by_severity" time="0.045" /><testcase classname="backend.tests.test_iter3c.TestFindingsGroups" name="test_group_by_invalid_rejected" time="0.044" /></testsuite></testsuites>